{"D:\\OneDrive\\CODE\\JAVASCRIPT\\node-hotel\\src\\config\\db.js": {"path":"D:\\OneDrive\\CODE\\JAVASCRIPT\\node-hotel\\src\\config\\db.js","all":false,"statementMap":{"0":{"start":{"line":1,"column":0},"end":{"line":1,"column":31}},"1":{"start":{"line":2,"column":0},"end":{"line":2,"column":38}},"2":{"start":{"line":3,"column":0},"end":{"line":3,"column":0}},"3":{"start":{"line":4,"column":0},"end":{"line":4,"column":81}},"4":{"start":{"line":5,"column":0},"end":{"line":5,"column":0}},"5":{"start":{"line":6,"column":0},"end":{"line":6,"column":23}},"6":{"start":{"line":7,"column":0},"end":{"line":7,"column":45}},"7":{"start":{"line":8,"column":0},"end":{"line":8,"column":3}},"8":{"start":{"line":9,"column":0},"end":{"line":9,"column":0}},"9":{"start":{"line":10,"column":0},"end":{"line":10,"column":18}},"10":{"start":{"line":11,"column":0},"end":{"line":11,"column":52}},"11":{"start":{"line":12,"column":0},"end":{"line":12,"column":24}},"12":{"start":{"line":13,"column":0},"end":{"line":13,"column":2}}},"s":{"0":1,"1":1,"2":1,"3":1,"4":1,"5":1,"6":1,"7":1,"8":1,"9":1,"10":1,"11":1,"12":1},"branchMap":{},"b":{},"fnMap":{"0":{"name":"query","decl":{"start":{"line":11,"column":9},"end":{"line":11,"column":51}},"loc":{"start":{"line":11,"column":9},"end":{"line":11,"column":51}},"line":11},"1":{"name":"end","decl":{"start":{"line":12,"column":7},"end":{"line":12,"column":24}},"loc":{"start":{"line":12,"column":7},"end":{"line":12,"column":24}},"line":12}},"f":{"0":0,"1":0}}
}
